#-----------------------------------------------------------
# Vivado v2017.2_sdx (64-bit)
# SW Build 1972098 on Wed Aug 23 11:34:46 MDT 2017
# IP Build 1971916 on Wed Aug 23 13:11:02 MDT 2017
# Start of session at: Mon Jan 22 19:28:46 2018
# Process ID: 9452
# Current directory: D:/Project/warmup/vivado/KC_halfAdder
# Command line: vivado.exe D:\Project\warmup\vivado\KC_halfAdder\KC_halfAdder.xpr
# Log file: D:/Project/warmup/vivado/KC_halfAdder/vivado.log
# Journal file: D:/Project/warmup/vivado/KC_halfAdder\vivado.jou
#-----------------------------------------------------------
INFO: [Common 17-1460] Use of init.tcl in F:/Tools/sdSoC201702/SDx/2017.2/Vivado/scripts/init.tcl is deprecated. Please use Vivado_init.tcl 
Sourcing tcl script 'F:/Tools/sdSoC201702/SDx/2017.2/Vivado/scripts/init.tcl'
16 Beta devices matching pattern found, 0 enabled.
Loaded SDSoC Platform Tcl Library
start_gui
open_project D:/Project/warmup/vivado/KC_halfAdder/KC_halfAdder.xpr
Scanning sources...
Finished scanning sources
INFO: [IP_Flow 19-234] Refreshing IP repositories
INFO: [IP_Flow 19-1704] No user IP repositories specified
INFO: [IP_Flow 19-2313] Loaded Vivado IP repository 'F:/Tools/sdSoC201702/SDx/2017.2/Vivado/data/ip'.
update_compile_order -fileset sources_1
exit
INFO: [Common 17-206] Exiting Vivado at Mon Jan 22 19:29:02 2018...
